Using pre-set license
Built from '2021.3/staging' branch; Version is '2021.3.7f1 (24e8595d6d43) revision 2418777'; Using compiler version '192829333'; Build Type 'Release'
OS: 'Windows 11  (10.0.22631) 64bit Core' Language: 'en' Physical Memory: 15969 MB
BatchMode: 1, IsHumanControllingUs: 0, StartBugReporterOnCrash: 0, Is64bit: 1, IsPro: 1

COMMAND LINE ARGUMENTS:
C:\Program Files\Unity\Hub\Editor\2021.3.7f1\Editor\Unity.exe
-adb2
-batchMode
-noUpm
-name
AssetImportWorker3
-projectPath
C:/Users/nicho/Crash Scene
-logFile
Logs/AssetImportWorker3.log
-srvPort
53806
Successfully changed project path to: C:/Users/nicho/Crash Scene
C:/Users/nicho/Crash Scene
[UnityMemory] Configuration Parameters - Can be set up in boot.config
    "memorysetup-bucket-allocator-granularity=16"
    "memorysetup-bucket-allocator-bucket-count=8"
    "memorysetup-bucket-allocator-block-size=33554432"
    "memorysetup-bucket-allocator-block-count=8"
    "memorysetup-main-allocator-block-size=16777216"
    "memorysetup-thread-allocator-block-size=16777216"
    "memorysetup-gfx-main-allocator-block-size=16777216"
    "memorysetup-gfx-thread-allocator-block-size=16777216"
    "memorysetup-cache-allocator-block-size=4194304"
    "memorysetup-typetree-allocator-block-size=2097152"
    "memorysetup-profiler-bucket-allocator-granularity=16"
    "memorysetup-profiler-bucket-allocator-bucket-count=8"
    "memorysetup-profiler-bucket-allocator-block-size=33554432"
    "memorysetup-profiler-bucket-allocator-block-count=8"
    "memorysetup-profiler-allocator-block-size=16777216"
    "memorysetup-profiler-editor-allocator-block-size=1048576"
    "memorysetup-temp-allocator-size-main=16777216"
    "memorysetup-job-temp-allocator-block-size=2097152"
    "memorysetup-job-temp-allocator-block-size-background=1048576"
    "memorysetup-job-temp-allocator-reduction-small-platforms=262144"
    "memorysetup-temp-allocator-size-background-worker=32768"
    "memorysetup-temp-allocator-size-job-worker=262144"
    "memorysetup-temp-allocator-size-preload-manager=33554432"
    "memorysetup-temp-allocator-size-nav-mesh-worker=65536"
    "memorysetup-temp-allocator-size-audio-worker=65536"
    "memorysetup-temp-allocator-size-cloud-worker=32768"
    "memorysetup-temp-allocator-size-gi-baking-worker=262144"
    "memorysetup-temp-allocator-size-gfx=262144"
Refreshing native plugins compatible for Editor in 69.54 ms, found 3 plugins.
Preloading 0 native plugins for Editor in 0.00 ms.
Initialize engine version: 2021.3.7f1 (24e8595d6d43)
[Subsystems] Discovering subsystems at path C:/Program Files/Unity/Hub/Editor/2021.3.7f1/Editor/Data/Resources/UnitySubsystems
[Subsystems] Discovering subsystems at path C:/Users/nicho/Crash Scene/Assets
GfxDevice: creating device client; threaded=0; jobified=0
Direct3D:
    Version:  Direct3D 11.0 [level 11.1]
    Renderer: NVIDIA GeForce RTX 3060 Ti (ID=0x2489)
    Vendor:   NVIDIA
    VRAM:     8024 MB
    Driver:   32.0.15.6081
Initialize mono
Mono path[0] = 'C:/Program Files/Unity/Hub/Editor/2021.3.7f1/Editor/Data/Managed'
Mono path[1] = 'C:/Program Files/Unity/Hub/Editor/2021.3.7f1/Editor/Data/MonoBleedingEdge/lib/mono/unityjit-win32'
Mono config path = 'C:/Program Files/Unity/Hub/Editor/2021.3.7f1/Editor/Data/MonoBleedingEdge/etc'
Using monoOptions --debugger-agent=transport=dt_socket,embedding=1,server=y,suspend=n,address=127.0.0.1:56872
Begin MonoManager ReloadAssembly
Registering precompiled unity dll's ...
Register platform support module: C:/Program Files/Unity/Hub/Editor/2021.3.7f1/Editor/Data/PlaybackEngines/WebGLSupport/UnityEditor.WebGL.Extensions.dll
Register platform support module: C:/Program Files/Unity/Hub/Editor/2021.3.7f1/Editor/Data/PlaybackEngines/WindowsStandaloneSupport/UnityEditor.WindowsStandalone.Extensions.dll
Registered in 0.006086 seconds.
Native extension for WindowsStandalone target not found
Native extension for WebGL target not found
Refreshing native plugins compatible for Editor in 74.73 ms, found 3 plugins.
Preloading 0 native plugins for Editor in 0.00 ms.
Mono: successfully reloaded assembly
- Completed reload, in  0.589 seconds
Domain Reload Profiling:
	ReloadAssembly (589ms)
		BeginReloadAssembly (68ms)
			ExecutionOrderSort (0ms)
			DisableScriptedObjects (0ms)
			BackupInstance (0ms)
			ReleaseScriptingObjects (0ms)
			CreateAndSetChildDomain (1ms)
		EndReloadAssembly (424ms)
			LoadAssemblies (65ms)
			RebuildTransferFunctionScriptingTraits (0ms)
			SetupTypeCache (104ms)
			ReleaseScriptCaches (0ms)
			RebuildScriptCaches (25ms)
			SetupLoadedEditorAssemblies (247ms)
				LogAssemblyErrors (0ms)
				InitializePlatformSupportModulesInManaged (8ms)
				SetLoadedEditorAssemblies (0ms)
				RefreshPlugins (75ms)
				BeforeProcessingInitializeOnLoad (1ms)
				ProcessInitializeOnLoadAttributes (122ms)
				ProcessInitializeOnLoadMethodAttributes (41ms)
				AfterProcessingInitializeOnLoad (0ms)
				EditorAssembliesLoaded (0ms)
			ExecutionOrderSort2 (0ms)
			AwakeInstancesAfterBackupRestoration (0ms)
Platform modules already initialized, skipping
Registering precompiled user dll's ...
Registered in 0.005469 seconds.
Begin MonoManager ReloadAssembly
Symbol file LoadedFromMemory doesn't match image C:\Users\nicho\Crash Scene\Library\PackageCache\com.unity.visualscripting@1.7.8\Editor\VisualScripting.Core\Dependencies\YamlDotNet\Unity.VisualScripting.YamlDotNet.dll
Symbol file LoadedFromMemory doesn't match image C:\Users\nicho\Crash Scene\Library\PackageCache\com.unity.visualscripting@1.7.8\Editor\VisualScripting.Core\Dependencies\DotNetZip\Unity.VisualScripting.IonicZip.dll
Native extension for WindowsStandalone target not found
Native extension for WebGL target not found
Refreshing native plugins compatible for Editor in 1.13 ms, found 3 plugins.
Preloading 0 native plugins for Editor in 0.00 ms.
Mono: successfully reloaded assembly
- Completed reload, in  1.027 seconds
Domain Reload Profiling:
	ReloadAssembly (1028ms)
		BeginReloadAssembly (116ms)
			ExecutionOrderSort (0ms)
			DisableScriptedObjects (7ms)
			BackupInstance (0ms)
			ReleaseScriptingObjects (0ms)
			CreateAndSetChildDomain (26ms)
		EndReloadAssembly (805ms)
			LoadAssemblies (95ms)
			RebuildTransferFunctionScriptingTraits (0ms)
			SetupTypeCache (254ms)
			ReleaseScriptCaches (1ms)
			RebuildScriptCaches (57ms)
			SetupLoadedEditorAssemblies (365ms)
				LogAssemblyErrors (0ms)
				InitializePlatformSupportModulesInManaged (6ms)
				SetLoadedEditorAssemblies (1ms)
				RefreshPlugins (1ms)
				BeforeProcessingInitializeOnLoad (80ms)
				ProcessInitializeOnLoadAttributes (247ms)
				ProcessInitializeOnLoadMethodAttributes (24ms)
				AfterProcessingInitializeOnLoad (6ms)
				EditorAssembliesLoaded (0ms)
			ExecutionOrderSort2 (0ms)
			AwakeInstancesAfterBackupRestoration (5ms)
Platform modules already initialized, skipping
========================================================================
Worker process is ready to serve import requests
Launched and connected shader compiler UnityShaderCompiler.exe after 0.06 seconds
Refreshing native plugins compatible for Editor in 1.32 ms, found 3 plugins.
Preloading 0 native plugins for Editor in 0.00 ms.
Unloading 3645 Unused Serialized files (Serialized files now loaded: 0)
Unloading 40 unused Assets / (181.7 KB). Loaded Objects now: 4101.
Memory consumption went from 124.6 MB to 124.4 MB.
Total: 4.646500 ms (FindLiveObjects: 0.976200 ms CreateObjectMapping: 0.143600 ms MarkObjects: 3.366200 ms  DeleteObjects: 0.159200 ms)

AssetImportParameters requested are different than current active one (requested -> active):
  custom:video-decoder-ogg-theora: a1e56fd34408186e4bbccfd4996cb3dc -> 
  custom:container-muxer-webm: aa71ff27fc2769a1b78a27578f13a17b -> 
  custom:container-demuxer-webm: 4f35f7cbe854078d1ac9338744f61a02 -> 
  custom:video-encoder-webm-vp8: eb34c28f22e8b96e1ab97ce403110664 -> 
  custom:video-codec-MediaFoundation-h265: 746d11721c4dcdbdad8f713fa42b33f4 -> 
  custom:audio-encoder-webm-vorbis: bf7c407c2cedff20999df2af8eb42d56 -> 
  custom:framework-win-MediaFoundation: 216162199b28c13a410421893ffa2e32 -> 
  custom:container-demuxer-ogg: 62fdf1f143b41e24485cea50d1cbac27 -> 
  custom:video-decoder-webm-vp8: 9c59270c3fd7afecdb556c50c9e8de78 -> 
  custom:audio-decoder-ogg-vorbis: bf7c407c2cedff20999df2af8eb42d56 -> 
========================================================================
Received Import Request.
  Time since last request: 600060.567160 seconds.
  path: Assets/UnityTechnologies/CrashScene/Prefabs/TrashCan.prefab
  artifactKey: Guid(a851931c5143dcf498343a9a9258415a) Importer(2089858483,0ecaa5967403d082aa24f35e1b516d23)
Start importing Assets/UnityTechnologies/CrashScene/Prefabs/TrashCan.prefab using Guid(a851931c5143dcf498343a9a9258415a) Importer(2089858483,0ecaa5967403d082aa24f35e1b516d23) Generated GUIDs only implemented for interfaces!
 -> (artifact id: 'af6a45cb472ed33c428ffe27a2d38e8c') in 0.129499 seconds 
========================================================================
Received Import Request.
  Time since last request: 0.000026 seconds.
  path: Assets/UnityTechnologies/CrashScene/Materials/GlassColor4.mat
  artifactKey: Guid(5afdd152d62dc0442a17767c150d58cb) Importer(2089858483,0ecaa5967403d082aa24f35e1b516d23)
Start importing Assets/UnityTechnologies/CrashScene/Materials/GlassColor4.mat using Guid(5afdd152d62dc0442a17767c150d58cb) Importer(2089858483,0ecaa5967403d082aa24f35e1b516d23) Generated GUIDs only implemented for interfaces!
 -> (artifact id: '872ed0c816ecd0aa1cb443002926a0e3') in 0.082781 seconds 
========================================================================
Received Import Request.
  Time since last request: 0.000045 seconds.
  path: Assets/UnityTechnologies/CrashScene/Materials/House02.mat
  artifactKey: Guid(327d27a20ea6f694a83e483951d836bf) Importer(2089858483,0ecaa5967403d082aa24f35e1b516d23)
Start importing Assets/UnityTechnologies/CrashScene/Materials/House02.mat using Guid(327d27a20ea6f694a83e483951d836bf) Importer(2089858483,0ecaa5967403d082aa24f35e1b516d23) Generated GUIDs only implemented for interfaces!
 -> (artifact id: '96145bc64f1dda713a09bc7526ecea3c') in 0.044890 seconds 
========================================================================
Received Import Request.
  Time since last request: 0.000045 seconds.
  path: Assets/UnityTechnologies/CrashScene/3D/FencePost.fbx
  artifactKey: Guid(9907dc4f7ecb35c42802b1e31363604a) Importer(2089858483,0ecaa5967403d082aa24f35e1b516d23)
Start importing Assets/UnityTechnologies/CrashScene/3D/FencePost.fbx using Guid(9907dc4f7ecb35c42802b1e31363604a) Importer(2089858483,0ecaa5967403d082aa24f35e1b516d23) Generated GUIDs only implemented for interfaces!
 -> (artifact id: 'c32e58c870f1bcd29ef101d221c71f17') in 0.039181 seconds 
========================================================================
Received Import Request.
  Time since last request: 0.000028 seconds.
  path: Assets/UnityTechnologies/CrashScene/Materials/Glass04.mat
  artifactKey: Guid(fe6bab55d0f5d3044811175dc99e9178) Importer(2089858483,0ecaa5967403d082aa24f35e1b516d23)
Start importing Assets/UnityTechnologies/CrashScene/Materials/Glass04.mat using Guid(fe6bab55d0f5d3044811175dc99e9178) Importer(2089858483,0ecaa5967403d082aa24f35e1b516d23) Generated GUIDs only implemented for interfaces!
 -> (artifact id: 'ffd1dfce2c3a1b1bae061edc6d952ed5') in 0.018407 seconds 
========================================================================
Received Import Request.
  Time since last request: 0.000031 seconds.
  path: Assets/UnityTechnologies/CrashScene/Materials/Car_01.mat
  artifactKey: Guid(13691a0d081c32842a0e3fea2f7c8099) Importer(2089858483,0ecaa5967403d082aa24f35e1b516d23)
Start importing Assets/UnityTechnologies/CrashScene/Materials/Car_01.mat using Guid(13691a0d081c32842a0e3fea2f7c8099) Importer(2089858483,0ecaa5967403d082aa24f35e1b516d23) Generated GUIDs only implemented for interfaces!
 -> (artifact id: '3a69fa34bf1e23e3cb6dbf7fd33b925e') in 0.015630 seconds 
========================================================================
Received Import Request.
  Time since last request: 0.000028 seconds.
  path: Assets/UnityTechnologies/CrashScene/3D/RegCar.fbx
  artifactKey: Guid(ad98b5edd121cf44a951055497b13e4a) Importer(2089858483,0ecaa5967403d082aa24f35e1b516d23)
Start importing Assets/UnityTechnologies/CrashScene/3D/RegCar.fbx using Guid(ad98b5edd121cf44a951055497b13e4a) Importer(2089858483,0ecaa5967403d082aa24f35e1b516d23) Generated GUIDs only implemented for interfaces!
 -> (artifact id: 'eeede5a5dffacc9951c5d9515c95c1fc') in 0.022960 seconds 
========================================================================
Received Import Request.
  Time since last request: 0.000029 seconds.
  path: Assets/UnityTechnologies/CrashScene/Standard Assets/Utility/LerpControlledBob.cs
  artifactKey: Guid(c1bbfafbde15c854681023b9e01e12dd) Importer(2089858483,0ecaa5967403d082aa24f35e1b516d23)
Start importing Assets/UnityTechnologies/CrashScene/Standard Assets/Utility/LerpControlledBob.cs using Guid(c1bbfafbde15c854681023b9e01e12dd) Importer(2089858483,0ecaa5967403d082aa24f35e1b516d23) Generated GUIDs only implemented for interfaces!
 -> (artifact id: 'ef427cef08d2e698411aa8a6d59d3596') in 0.018405 seconds 
========================================================================
Received Import Request.
  Time since last request: 0.000034 seconds.
  path: Assets/Scenes/SampleScene.unity
  artifactKey: Guid(9fc0d4010bbf28b4594072e72b8655ab) Importer(2089858483,0ecaa5967403d082aa24f35e1b516d23)
Start importing Assets/Scenes/SampleScene.unity using Guid(9fc0d4010bbf28b4594072e72b8655ab) Importer(2089858483,0ecaa5967403d082aa24f35e1b516d23) Generated GUIDs only implemented for interfaces!
 -> (artifact id: 'bf6c3b82c52f9ef45ebb764434b4cce2') in 0.012394 seconds 
========================================================================
Received Import Request.
  Time since last request: 0.000059 seconds.
  path: Assets/UnityTechnologies/CrashScene/Materials/Tree.mat
  artifactKey: Guid(e1606705dfcc09f42bc51331e81a92bd) Importer(2089858483,0ecaa5967403d082aa24f35e1b516d23)
Start importing Assets/UnityTechnologies/CrashScene/Materials/Tree.mat using Guid(e1606705dfcc09f42bc51331e81a92bd) Importer(2089858483,0ecaa5967403d082aa24f35e1b516d23) Generated GUIDs only implemented for interfaces!
 -> (artifact id: 'db1c7e58b69d3edace659399547b2a8d') in 0.016172 seconds 
========================================================================
Received Import Request.
  Time since last request: 0.000027 seconds.
  path: Assets/UnityTechnologies/CrashScene/Standard Assets/Utility/ActivateTrigger.cs
  artifactKey: Guid(c8634e062924929664361c08745211fb) Importer(2089858483,0ecaa5967403d082aa24f35e1b516d23)
Start importing Assets/UnityTechnologies/CrashScene/Standard Assets/Utility/ActivateTrigger.cs using Guid(c8634e062924929664361c08745211fb) Importer(2089858483,0ecaa5967403d082aa24f35e1b516d23) Generated GUIDs only implemented for interfaces!
 -> (artifact id: 'f289cb1fe18ee79cafc928dba77964ef') in 0.013898 seconds 
========================================================================
Received Import Request.
  Time since last request: 0.000041 seconds.
  path: Assets/UnityTechnologies/CrashScene/Materials/Lambert01.mat
  artifactKey: Guid(abaaf77be922b4c4fa5009a013e218fa) Importer(2089858483,0ecaa5967403d082aa24f35e1b516d23)
Start importing Assets/UnityTechnologies/CrashScene/Materials/Lambert01.mat using Guid(abaaf77be922b4c4fa5009a013e218fa) Importer(2089858483,0ecaa5967403d082aa24f35e1b516d23) Generated GUIDs only implemented for interfaces!
 -> (artifact id: 'aa31b59f36eb1a760a27b20cedf0c14f') in 0.022621 seconds 
========================================================================
Received Import Request.
  Time since last request: 0.000040 seconds.
  path: Assets/UnityTechnologies/CrashScene/Materials/Glass05.mat
  artifactKey: Guid(c2429c8c0f17d4942b113d43058c7a82) Importer(2089858483,0ecaa5967403d082aa24f35e1b516d23)
Start importing Assets/UnityTechnologies/CrashScene/Materials/Glass05.mat using Guid(c2429c8c0f17d4942b113d43058c7a82) Importer(2089858483,0ecaa5967403d082aa24f35e1b516d23) Generated GUIDs only implemented for interfaces!
 -> (artifact id: 'e2a16ae07dd27fb7e2e3c0cadf18fbbb') in 0.013387 seconds 
========================================================================
Received Import Request.
  Time since last request: 0.000033 seconds.
  path: Assets/UnityTechnologies/CrashScene/Materials/Glass4.mat
  artifactKey: Guid(1b3b911cc8244894fa15be9a913b6398) Importer(2089858483,0ecaa5967403d082aa24f35e1b516d23)
Start importing Assets/UnityTechnologies/CrashScene/Materials/Glass4.mat using Guid(1b3b911cc8244894fa15be9a913b6398) Importer(2089858483,0ecaa5967403d082aa24f35e1b516d23) Generated GUIDs only implemented for interfaces!
 -> (artifact id: '4d1dfad30e064fa680fcb9d0e60dd47f') in 0.013759 seconds 
========================================================================
Received Import Request.
  Time since last request: 0.000035 seconds.
  path: Assets/UnityTechnologies/CrashScene/Standard Assets/Utility/SimpleMouseRotator.cs
  artifactKey: Guid(cadd54e4832aeef4b9359f44cbe335cd) Importer(2089858483,0ecaa5967403d082aa24f35e1b516d23)
Start importing Assets/UnityTechnologies/CrashScene/Standard Assets/Utility/SimpleMouseRotator.cs using Guid(cadd54e4832aeef4b9359f44cbe335cd) Importer(2089858483,0ecaa5967403d082aa24f35e1b516d23) Generated GUIDs only implemented for interfaces!
 -> (artifact id: 'c0d57b6f2a5db62671f32544b1d45ef7') in 0.013302 seconds 
========================================================================
Received Import Request.
  Time since last request: 0.000037 seconds.
  path: Assets/UnityTechnologies/CrashScene/Standard Assets/Utility/ObjectResetter.cs
  artifactKey: Guid(643c971818f68d3439e84b5d8bdafe07) Importer(2089858483,0ecaa5967403d082aa24f35e1b516d23)
Start importing Assets/UnityTechnologies/CrashScene/Standard Assets/Utility/ObjectResetter.cs using Guid(643c971818f68d3439e84b5d8bdafe07) Importer(2089858483,0ecaa5967403d082aa24f35e1b516d23) Generated GUIDs only implemented for interfaces!
 -> (artifact id: '021919169a0897cb14609cd6387e1e40') in 0.012291 seconds 
========================================================================
Received Import Request.
  Time since last request: 0.000026 seconds.
  path: Assets/UnityTechnologies/CrashScene/Textures/Road02.jpg
  artifactKey: Guid(c2ad3ba5a7a99514e949c05a20b81d9a) Importer(2089858483,0ecaa5967403d082aa24f35e1b516d23)
Start importing Assets/UnityTechnologies/CrashScene/Textures/Road02.jpg using Guid(c2ad3ba5a7a99514e949c05a20b81d9a) Importer(2089858483,0ecaa5967403d082aa24f35e1b516d23) Generated GUIDs only implemented for interfaces!
 -> (artifact id: 'c4ac600106bd9b59f0f1a2cb6e4b75bd') in 0.061788 seconds 
========================================================================
Received Import Request.
  Time since last request: 0.000023 seconds.
  path: Assets/UnityTechnologies/CrashScene/Textures/House.jpg
  artifactKey: Guid(a1634f167661144488206360301030e8) Importer(2089858483,0ecaa5967403d082aa24f35e1b516d23)
Start importing Assets/UnityTechnologies/CrashScene/Textures/House.jpg using Guid(a1634f167661144488206360301030e8) Importer(2089858483,0ecaa5967403d082aa24f35e1b516d23) Generated GUIDs only implemented for interfaces!
 -> (artifact id: '20e824eea4cc340691bf15c5115cad8f') in 0.031492 seconds 
========================================================================
Received Import Request.
  Time since last request: 0.000041 seconds.
  path: Assets/UnityTechnologies/CrashScene/Standard Assets/2D/Scripts/PlatformerCharacter2D.cs
  artifactKey: Guid(d08f91df3bd212f429df17f53ce2f364) Importer(2089858483,0ecaa5967403d082aa24f35e1b516d23)
Start importing Assets/UnityTechnologies/CrashScene/Standard Assets/2D/Scripts/PlatformerCharacter2D.cs using Guid(d08f91df3bd212f429df17f53ce2f364) Importer(2089858483,0ecaa5967403d082aa24f35e1b516d23) Generated GUIDs only implemented for interfaces!
 -> (artifact id: '1755fb6f5f518860c0fff0093cbba746') in 0.011340 seconds 
========================================================================
Received Import Request.
  Time since last request: 0.000049 seconds.
  path: Assets/UnityTechnologies/CrashScene/Standard Assets/Characters/ThirdPersonCharacter/Scripts/AICharacterControl.cs
  artifactKey: Guid(8c5335f0882fe4d478883cc8c58ce906) Importer(2089858483,0ecaa5967403d082aa24f35e1b516d23)
Start importing Assets/UnityTechnologies/CrashScene/Standard Assets/Characters/ThirdPersonCharacter/Scripts/AICharacterControl.cs using Guid(8c5335f0882fe4d478883cc8c58ce906) Importer(2089858483,0ecaa5967403d082aa24f35e1b516d23) Generated GUIDs only implemented for interfaces!
 -> (artifact id: '3c4073eedece5a6eb34b4f3374abb669') in 0.011625 seconds 
========================================================================
Received Import Request.
  Time since last request: 0.000061 seconds.
  path: Assets/UnityTechnologies/CrashScene/Standard Assets/ParticleSystems/Scripts/FireLight.cs
  artifactKey: Guid(723274b822865ed4d9ed2a504c0ca79d) Importer(2089858483,0ecaa5967403d082aa24f35e1b516d23)
Start importing Assets/UnityTechnologies/CrashScene/Standard Assets/ParticleSystems/Scripts/FireLight.cs using Guid(723274b822865ed4d9ed2a504c0ca79d) Importer(2089858483,0ecaa5967403d082aa24f35e1b516d23) Generated GUIDs only implemented for interfaces!
 -> (artifact id: 'a1dbc5d0f174a3b407c82bdfc3233bba') in 0.012679 seconds 
========================================================================
Received Import Request.
  Time since last request: 0.000030 seconds.
  path: Assets/UnityTechnologies/CrashScene/Standard Assets/ParticleSystems/Scripts/Hose.cs
  artifactKey: Guid(915950f1f73ea9e429d92b7226238623) Importer(2089858483,0ecaa5967403d082aa24f35e1b516d23)
Start importing Assets/UnityTechnologies/CrashScene/Standard Assets/ParticleSystems/Scripts/Hose.cs using Guid(915950f1f73ea9e429d92b7226238623) Importer(2089858483,0ecaa5967403d082aa24f35e1b516d23) Generated GUIDs only implemented for interfaces!
 -> (artifact id: '1f7d0d113d54c7dd552090f4eaf0b00b') in 0.012050 seconds 
========================================================================
Received Import Request.
  Time since last request: 0.000032 seconds.
  path: Assets/UnityTechnologies/CrashScene/Standard Assets/CrossPlatformInput/Scripts/CrossPlatformInputManager.cs
  artifactKey: Guid(6ac1ce5a5adfd9f46adbf5b6f752a47c) Importer(2089858483,0ecaa5967403d082aa24f35e1b516d23)
Start importing Assets/UnityTechnologies/CrashScene/Standard Assets/CrossPlatformInput/Scripts/CrossPlatformInputManager.cs using Guid(6ac1ce5a5adfd9f46adbf5b6f752a47c) Importer(2089858483,0ecaa5967403d082aa24f35e1b516d23) Generated GUIDs only implemented for interfaces!
 -> (artifact id: 'ef35fa2595261af8b54693e5bffd64c2') in 0.013337 seconds 
========================================================================
Received Import Request.
  Time since last request: 0.000046 seconds.
  path: Assets/UnityTechnologies/CrashScene/Standard Assets/Vehicles/Aircraft/Scripts/AeroplaneControlSurfaceAnimator.cs
  artifactKey: Guid(1ee34fdb2d383a84e9ef60c30fc2778e) Importer(2089858483,0ecaa5967403d082aa24f35e1b516d23)
Start importing Assets/UnityTechnologies/CrashScene/Standard Assets/Vehicles/Aircraft/Scripts/AeroplaneControlSurfaceAnimator.cs using Guid(1ee34fdb2d383a84e9ef60c30fc2778e) Importer(2089858483,0ecaa5967403d082aa24f35e1b516d23) Generated GUIDs only implemented for interfaces!
 -> (artifact id: '66dcacb2959babb40951df297db7467f') in 0.013831 seconds 
========================================================================
Received Import Request.
  Time since last request: 0.000039 seconds.
  path: Assets/UnityTechnologies/CrashScene/Standard Assets/Vehicles/Aircraft/Scripts/AeroplaneUserControl4Axis.cs
  artifactKey: Guid(b821cfe117414d14ea5ad71c5b3c503f) Importer(2089858483,0ecaa5967403d082aa24f35e1b516d23)
Start importing Assets/UnityTechnologies/CrashScene/Standard Assets/Vehicles/Aircraft/Scripts/AeroplaneUserControl4Axis.cs using Guid(b821cfe117414d14ea5ad71c5b3c503f) Importer(2089858483,0ecaa5967403d082aa24f35e1b516d23) Generated GUIDs only implemented for interfaces!
 -> (artifact id: '94c5c2909af77aae4743ff67d2e37e4d') in 0.012859 seconds 
========================================================================
Received Import Request.
  Time since last request: 0.000032 seconds.
  path: Assets/UnityTechnologies/CrashScene/Standard Assets/CrossPlatformInput/Scripts/TiltInput.cs
  artifactKey: Guid(5c2d84226fbbaf94e9c1451f1c39b06a) Importer(2089858483,0ecaa5967403d082aa24f35e1b516d23)
Start importing Assets/UnityTechnologies/CrashScene/Standard Assets/CrossPlatformInput/Scripts/TiltInput.cs using Guid(5c2d84226fbbaf94e9c1451f1c39b06a) Importer(2089858483,0ecaa5967403d082aa24f35e1b516d23) Generated GUIDs only implemented for interfaces!
 -> (artifact id: '64f80510091f551519c41c4d243eed14') in 0.014825 seconds 
========================================================================
Received Import Request.
  Time since last request: 0.000047 seconds.
  path: Assets/UnityTechnologies/CrashScene/Standard Assets/Vehicles/Car/Scripts/CarAudio.cs
  artifactKey: Guid(20fa55eb64c5cea4aa3c71ae19c434bf) Importer(2089858483,0ecaa5967403d082aa24f35e1b516d23)
Start importing Assets/UnityTechnologies/CrashScene/Standard Assets/Vehicles/Car/Scripts/CarAudio.cs using Guid(20fa55eb64c5cea4aa3c71ae19c434bf) Importer(2089858483,0ecaa5967403d082aa24f35e1b516d23) Generated GUIDs only implemented for interfaces!
 -> (artifact id: '95083fe43e0c6e71fd6306fc7423c6f6') in 0.012714 seconds 
========================================================================
Received Import Request.
  Time since last request: 0.000031 seconds.
  path: Assets/UnityTechnologies/CrashScene/Standard Assets/ParticleSystems/Scripts/SmokeParticles.cs
  artifactKey: Guid(4414ab7cd3d674b449d233db0d583605) Importer(2089858483,0ecaa5967403d082aa24f35e1b516d23)
Start importing Assets/UnityTechnologies/CrashScene/Standard Assets/ParticleSystems/Scripts/SmokeParticles.cs using Guid(4414ab7cd3d674b449d233db0d583605) Importer(2089858483,0ecaa5967403d082aa24f35e1b516d23) Generated GUIDs only implemented for interfaces!
 -> (artifact id: '866e3722704cbb576166da3c8eee3fa2') in 0.012611 seconds 
========================================================================
Received Import Request.
  Time since last request: 0.000032 seconds.
  path: Assets/UnityTechnologies/CrashScene/3D/StreetLamp.fbx
  artifactKey: Guid(86c6ad2de49ddce4bba5cbb4e7bd1249) Importer(2089858483,0ecaa5967403d082aa24f35e1b516d23)
Start importing Assets/UnityTechnologies/CrashScene/3D/StreetLamp.fbx using Guid(86c6ad2de49ddce4bba5cbb4e7bd1249) Importer(2089858483,0ecaa5967403d082aa24f35e1b516d23) Generated GUIDs only implemented for interfaces!
 -> (artifact id: '41569b0fe850895cce45b7fb5ac30425') in 0.024651 seconds 
========================================================================
Received Import Request.
  Time since last request: 0.000033 seconds.
  path: Assets/UnityTechnologies/CrashScene/Standard Assets/Editor/Water/Water4/WaterEditorUtility.cs
  artifactKey: Guid(f67f2bac30f824d4f8270bb8bb0779df) Importer(2089858483,0ecaa5967403d082aa24f35e1b516d23)
Start importing Assets/UnityTechnologies/CrashScene/Standard Assets/Editor/Water/Water4/WaterEditorUtility.cs using Guid(f67f2bac30f824d4f8270bb8bb0779df) Importer(2089858483,0ecaa5967403d082aa24f35e1b516d23) Generated GUIDs only implemented for interfaces!
 -> (artifact id: '0b599e1b63b618da4ee36b58684f7cbb') in 0.011964 seconds 
========================================================================
Received Import Request.
  Time since last request: 0.000035 seconds.
  path: Assets/UnityTechnologies/CrashScene/Standard Assets/Utility/FOVKick.cs
  artifactKey: Guid(6045a93fb05b9c74884821030da2c46c) Importer(2089858483,0ecaa5967403d082aa24f35e1b516d23)
Start importing Assets/UnityTechnologies/CrashScene/Standard Assets/Utility/FOVKick.cs using Guid(6045a93fb05b9c74884821030da2c46c) Importer(2089858483,0ecaa5967403d082aa24f35e1b516d23) Generated GUIDs only implemented for interfaces!
 -> (artifact id: 'c273be2c1e7d588c46c40ea2ebed8124') in 0.013633 seconds 
========================================================================
Received Import Request.
  Time since last request: 0.000047 seconds.
  path: Assets/UnityTechnologies/CrashScene/Standard Assets/Characters/RollerBall/Scripts/Ball.cs
  artifactKey: Guid(e004fefca5c7ba44d9c5ffd46fdee2ed) Importer(2089858483,0ecaa5967403d082aa24f35e1b516d23)
Start importing Assets/UnityTechnologies/CrashScene/Standard Assets/Characters/RollerBall/Scripts/Ball.cs using Guid(e004fefca5c7ba44d9c5ffd46fdee2ed) Importer(2089858483,0ecaa5967403d082aa24f35e1b516d23) Generated GUIDs only implemented for interfaces!
 -> (artifact id: '655edeec332db049fecb6557981c9b0f') in 0.012902 seconds 
========================================================================
Received Import Request.
  Time since last request: 0.000028 seconds.
  path: Assets/UnityTechnologies/CrashScene/3D/SideWalk.fbx
  artifactKey: Guid(3121f5b28c764154c83f7775edd2ac61) Importer(2089858483,0ecaa5967403d082aa24f35e1b516d23)
Start importing Assets/UnityTechnologies/CrashScene/3D/SideWalk.fbx using Guid(3121f5b28c764154c83f7775edd2ac61) Importer(2089858483,0ecaa5967403d082aa24f35e1b516d23) Generated GUIDs only implemented for interfaces!
 -> (artifact id: '3719ca4fdf2b598075a1fce0e2d21704') in 0.022549 seconds 
========================================================================
Received Import Request.
  Time since last request: 0.000027 seconds.
  path: Assets/UnityTechnologies/CrashScene/3D/Buidling_01.fbx
  artifactKey: Guid(09239565717dbc841a270113d07dfbbb) Importer(2089858483,0ecaa5967403d082aa24f35e1b516d23)
Start importing Assets/UnityTechnologies/CrashScene/3D/Buidling_01.fbx using Guid(09239565717dbc841a270113d07dfbbb) Importer(2089858483,0ecaa5967403d082aa24f35e1b516d23) Generated GUIDs only implemented for interfaces!
 -> (artifact id: 'b825a7b7cb83d426b16fc807aa35fd31') in 0.025778 seconds 
========================================================================
Received Import Request.
  Time since last request: 0.000038 seconds.
  path: Assets/UnityTechnologies/CrashScene/Standard Assets/Vehicles/Aircraft/Scripts/AeroplaneController.cs
  artifactKey: Guid(235a6615124795442b98c1f03500003e) Importer(2089858483,0ecaa5967403d082aa24f35e1b516d23)
Start importing Assets/UnityTechnologies/CrashScene/Standard Assets/Vehicles/Aircraft/Scripts/AeroplaneController.cs using Guid(235a6615124795442b98c1f03500003e) Importer(2089858483,0ecaa5967403d082aa24f35e1b516d23) Generated GUIDs only implemented for interfaces!
 -> (artifact id: '8d44795621e91994c133a175fb2b4c7d') in 0.014099 seconds 
========================================================================
Received Import Request.
  Time since last request: 0.000055 seconds.
  path: Assets/UnityTechnologies/CrashScene/Textures/Road03.jpg
  artifactKey: Guid(815c43061ca30684db03b53cb7f51fa8) Importer(2089858483,0ecaa5967403d082aa24f35e1b516d23)
Start importing Assets/UnityTechnologies/CrashScene/Textures/Road03.jpg using Guid(815c43061ca30684db03b53cb7f51fa8) Importer(2089858483,0ecaa5967403d082aa24f35e1b516d23) Generated GUIDs only implemented for interfaces!
 -> (artifact id: 'baed9fa813e0d5204da121f52c0a9299') in 0.021293 seconds 
========================================================================
Received Import Request.
  Time since last request: 0.000030 seconds.
  path: Assets/UnityTechnologies/CrashScene/Materials/GlassColor06.mat
  artifactKey: Guid(e976f9c57b2b91246bb1f183fc5a10a6) Importer(2089858483,0ecaa5967403d082aa24f35e1b516d23)
Start importing Assets/UnityTechnologies/CrashScene/Materials/GlassColor06.mat using Guid(e976f9c57b2b91246bb1f183fc5a10a6) Importer(2089858483,0ecaa5967403d082aa24f35e1b516d23) Generated GUIDs only implemented for interfaces!
 -> (artifact id: 'b3ee248079822e749ee6972eeeb6f737') in 0.012845 seconds 
========================================================================
Received Import Request.
  Time since last request: 0.000030 seconds.
  path: Assets/UnityTechnologies/CrashScene/3D/Buidling_02.fbx
  artifactKey: Guid(8fbb9c71dbd26f640b8e69ed71d789de) Importer(2089858483,0ecaa5967403d082aa24f35e1b516d23)
Start importing Assets/UnityTechnologies/CrashScene/3D/Buidling_02.fbx using Guid(8fbb9c71dbd26f640b8e69ed71d789de) Importer(2089858483,0ecaa5967403d082aa24f35e1b516d23) Generated GUIDs only implemented for interfaces!
 -> (artifact id: 'c1e865d10e044c402b8664ee5f7656c4') in 0.037191 seconds 
========================================================================
Received Import Request.
  Time since last request: 0.000030 seconds.
  path: Assets/UnityTechnologies/CrashScene/Materials/Grass.mat
  artifactKey: Guid(75051da89f81bc14186e0c720f309742) Importer(2089858483,0ecaa5967403d082aa24f35e1b516d23)
Start importing Assets/UnityTechnologies/CrashScene/Materials/Grass.mat using Guid(75051da89f81bc14186e0c720f309742) Importer(2089858483,0ecaa5967403d082aa24f35e1b516d23) Generated GUIDs only implemented for interfaces!
 -> (artifact id: '18634027e7f23b817c23ca886106a01e') in 0.016193 seconds 
========================================================================
Received Import Request.
  Time since last request: 0.000050 seconds.
  path: Assets/UnityTechnologies/CrashScene/3D/Fence2x4.fbx
  artifactKey: Guid(65ddd586a0951194690ce1169b2d663f) Importer(2089858483,0ecaa5967403d082aa24f35e1b516d23)
Start importing Assets/UnityTechnologies/CrashScene/3D/Fence2x4.fbx using Guid(65ddd586a0951194690ce1169b2d663f) Importer(2089858483,0ecaa5967403d082aa24f35e1b516d23) Generated GUIDs only implemented for interfaces!
 -> (artifact id: 'f6a5378c17c195adf4e3a88692291dbe') in 0.023381 seconds 
========================================================================
Received Import Request.
  Time since last request: 0.000043 seconds.
  path: Assets/UnityTechnologies/CrashScene/Standard Assets/Vehicles/Car/Scripts/Mudguard.cs
  artifactKey: Guid(459cec5b068041e44a60a6e3b6abb0eb) Importer(2089858483,0ecaa5967403d082aa24f35e1b516d23)
Start importing Assets/UnityTechnologies/CrashScene/Standard Assets/Vehicles/Car/Scripts/Mudguard.cs using Guid(459cec5b068041e44a60a6e3b6abb0eb) Importer(2089858483,0ecaa5967403d082aa24f35e1b516d23) Generated GUIDs only implemented for interfaces!
 -> (artifact id: '3fc15c5391f939d19e950dd86099d150') in 0.010204 seconds 
========================================================================
Received Import Request.
  Time since last request: 0.000029 seconds.
  path: Assets/UnityTechnologies/CrashScene/Standard Assets/Environment/Water/Water/Scripts/WaterBase.cs
  artifactKey: Guid(a1da353243062479a9b31c85074a796b) Importer(2089858483,0ecaa5967403d082aa24f35e1b516d23)
Start importing Assets/UnityTechnologies/CrashScene/Standard Assets/Environment/Water/Water/Scripts/WaterBase.cs using Guid(a1da353243062479a9b31c85074a796b) Importer(2089858483,0ecaa5967403d082aa24f35e1b516d23) Generated GUIDs only implemented for interfaces!
 -> (artifact id: '1c45894f517fa79d10c5754468aedd7c') in 0.014701 seconds 
========================================================================
Received Import Request.
  Time since last request: 0.000037 seconds.
  path: Assets/UnityTechnologies/CrashScene/Standard Assets/Environment/Water/Water/Scripts/GerstnerDisplace.cs
  artifactKey: Guid(42e7f46d0e5a84171a3909479c1646ba) Importer(2089858483,0ecaa5967403d082aa24f35e1b516d23)
Start importing Assets/UnityTechnologies/CrashScene/Standard Assets/Environment/Water/Water/Scripts/GerstnerDisplace.cs using Guid(42e7f46d0e5a84171a3909479c1646ba) Importer(2089858483,0ecaa5967403d082aa24f35e1b516d23) Generated GUIDs only implemented for interfaces!
 -> (artifact id: '1ac0feb7243358764737b65563d1d268') in 0.013870 seconds 
========================================================================
Received Import Request.
  Time since last request: 0.000029 seconds.
  path: Assets/UnityTechnologies/CrashScene/Standard Assets/Vehicles/Car/Scripts/SkidTrail.cs
  artifactKey: Guid(9ce3a3a1349a5774b94761844e652a65) Importer(2089858483,0ecaa5967403d082aa24f35e1b516d23)
Start importing Assets/UnityTechnologies/CrashScene/Standard Assets/Vehicles/Car/Scripts/SkidTrail.cs using Guid(9ce3a3a1349a5774b94761844e652a65) Importer(2089858483,0ecaa5967403d082aa24f35e1b516d23) Generated GUIDs only implemented for interfaces!
 -> (artifact id: 'fd7ecefdfd5a530081e656e596f23755') in 0.010693 seconds 
Editor requested this worker to shutdown with reason: Scaling down because of idle timeout
AssetImportWorker is now disconnected from the server
Process exiting
Exiting without the bug reporter. Application will terminate with return code 0